# JRE version: OpenJDK Runtime Environment (8.0_242-b01) (build 1.8.0_242-release-1644-b01)
# Java VM: OpenJDK 64-Bit Server VM (25.242-b01 mixed mode windows-amd64 compressed oops)
Heap:
 PSYoungGen      total 269312K, used 168999K [0x00000000e0000000, 0x00000000fa200000, 0x0000000100000000)
  eden space 175616K, 96% used [0x00000000e0000000,0x00000000ea509d08,0x00000000eab80000)
  from space 93696K, 0% used [0x00000000eab80000,0x00000000eab80000,0x00000000f0700000)
  to   space 104960K, 0% used [0x00000000f3b80000,0x00000000f3b80000,0x00000000fa200000)
 ParOldGen       total 267776K, used 267590K [0x00000000a0000000, 0x00000000b0580000, 0x00000000e0000000)
  object space 267776K, 99% used [0x00000000a0000000,0x00000000b0551b38,0x00000000b0580000)
 Metaspace       used 99907K, capacity 104034K, committed 104216K, reserved 1140736K
  class space    used 13008K, capacity 13832K, committed 13864K, reserved 1048576K
GC Heap History (10 events):
Event: 63.600 GC heap before
{Heap before GC invocations=31 (full 6):
 PSYoungGen      total 269312K, used 191106K [0x00000000e0000000, 0x00000000fa200000, 0x0000000100000000)
  eden space 175616K, 100% used [0x00000000e0000000,0x00000000eab80000,0x00000000eab80000)
  from space 93696K, 16% used [0x00000000eab80000,0x00000000ebaa0878,0x00000000f0700000)
  to   space 104960K, 0% used [0x00000000f3b80000,0x00000000f3b80000,0x00000000fa200000)
 ParOldGen       total 267776K, used 267746K [0x00000000a0000000, 0x00000000b0580000, 0x00000000e0000000)
  object space 267776K, 99% used [0x00000000a0000000,0x00000000b0578898,0x00000000b0580000)
 Metaspace       used 97365K, capacity 101198K, committed 101656K, reserved 1136640K
  class space    used 12702K, capacity 13505K, committed 13608K, reserved 1048576K
Event: 65.718 GC heap after
Heap after GC invocations=31 (full 6):
 PSYoungGen      total 269312K, used 30500K [0x00000000e0000000, 0x00000000fa200000, 0x0000000100000000)
  eden space 175616K, 17% used [0x00000000e0000000,0x00000000e1dc9150,0x00000000eab80000)
  from space 93696K, 0% used [0x00000000eab80000,0x00000000eab80000,0x00000000f0700000)
  to   space 104960K, 0% used [0x00000000f3b80000,0x00000000f3b80000,0x00000000fa200000)
 ParOldGen       total 267776K, used 267772K [0x00000000a0000000, 0x00000000b0580000, 0x00000000e0000000)
  object space 267776K, 99% used [0x00000000a0000000,0x00000000b057f070,0x00000000b0580000)
 Metaspace       used 97365K, capacity 101198K, committed 101656K, reserved 1136640K
  class space    used 12702K, capacity 13505K, committed 13608K, reserved 1048576K
}
Event: 67.406 GC heap before
{Heap before GC invocations=32 (full 7):
 PSYoungGen      total 269312K, used 175616K [0x00000000e0000000, 0x00000000fa200000, 0x0000000100000000)
  eden space 175616K, 100% used [0x00000000e0000000,0x00000000eab80000,0x00000000eab80000)
  from space 93696K, 0% used [0x00000000eab80000,0x00000000eab80000,0x00000000f0700000)
  to   space 104960K, 0% used [0x00000000f3b80000,0x00000000f3b80000,0x00000000fa200000)
 ParOldGen       total 267776K, used 267772K [0x00000000a0000000, 0x00000000b0580000, 0x00000000e0000000)
  object space 267776K, 99% used [0x00000000a0000000,0x00000000b057f070,0x00000000b0580000)
 Metaspace       used 97578K, capacity 101412K, committed 101656K, reserved 1136640K
  class space    used 12728K, capacity 13520K, committed 13608K, reserved 1048576K
Event: 69.450 GC heap after
Heap after GC invocations=32 (full 7):
 PSYoungGen      total 269312K, used 21066K [0x00000000e0000000, 0x00000000fa200000, 0x0000000100000000)
  eden space 175616K, 11% used [0x00000000e0000000,0x00000000e1492968,0x00000000eab80000)
  from space 93696K, 0% used [0x00000000eab80000,0x00000000eab80000,0x00000000f0700000)
  to   space 104960K, 0% used [0x00000000f3b80000,0x00000000f3b80000,0x00000000fa200000)
 ParOldGen       total 267776K, used 267572K [0x00000000a0000000, 0x00000000b0580000, 0x00000000e0000000)
  object space 267776K, 99% used [0x00000000a0000000,0x00000000b054d0e0,0x00000000b0580000)
 Metaspace       used 97578K, capacity 101412K, committed 101656K, reserved 1136640K
  class space    used 12728K, capacity 13520K, committed 13608K, reserved 1048576K
}
Event: 72.497 GC heap before
{Heap before GC invocations=33 (full 8):
 PSYoungGen      total 269312K, used 175616K [0x00000000e0000000, 0x00000000fa200000, 0x0000000100000000)
  eden space 175616K, 100% used [0x00000000e0000000,0x00000000eab80000,0x00000000eab80000)
  from space 93696K, 0% used [0x00000000eab80000,0x00000000eab80000,0x00000000f0700000)
  to   space 104960K, 0% used [0x00000000f3b80000,0x00000000f3b80000,0x00000000fa200000)
 ParOldGen       total 267776K, used 267572K [0x00000000a0000000, 0x00000000b0580000, 0x00000000e0000000)
  object space 267776K, 99% used [0x00000000a0000000,0x00000000b054d0e0,0x00000000b0580000)
 Metaspace       used 99619K, capacity 103698K, committed 103960K, reserved 1138688K
  class space    used 12976K, capacity 13796K, committed 13864K, reserved 1048576K
Event: 74.982 GC heap after
Heap after GC invocations=33 (full 8):
 PSYoungGen      total 269312K, used 52506K [0x00000000e0000000, 0x00000000fa200000, 0x0000000100000000)
  eden space 175616K, 29% used [0x00000000e0000000,0x00000000e3346a18,0x00000000eab80000)
  from space 93696K, 0% used [0x00000000eab80000,0x00000000eab80000,0x00000000f0700000)
  to   space 104960K, 0% used [0x00000000f3b80000,0x00000000f3b80000,0x00000000fa200000)
 ParOldGen       total 267776K, used 267547K [0x00000000a0000000, 0x00000000b0580000, 0x00000000e0000000)
  object space 267776K, 99% used [0x00000000a0000000,0x00000000b0546cd8,0x00000000b0580000)
 Metaspace       used 99617K, capacity 103692K, committed 103960K, reserved 1138688K
  class space    used 12975K, capacity 13795K, committed 13864K, reserved 1048576K
}
Event: 75.740 GC heap before
{Heap before GC invocations=34 (full 9):
 PSYoungGen      total 269312K, used 175616K [0x00000000e0000000, 0x00000000fa200000, 0x0000000100000000)
  eden space 175616K, 100% used [0x00000000e0000000,0x00000000eab80000,0x00000000eab80000)
  from space 93696K, 0% used [0x00000000eab80000,0x00000000eab80000,0x00000000f0700000)
  to   space 104960K, 0% used [0x00000000f3b80000,0x00000000f3b80000,0x00000000fa200000)
 ParOldGen       total 267776K, used 267547K [0x00000000a0000000, 0x00000000b0580000, 0x00000000e0000000)
  object space 267776K, 99% used [0x00000000a0000000,0x00000000b0546cd8,0x00000000b0580000)
 Metaspace       used 99791K, capacity 103920K, committed 104216K, reserved 1140736K
  class space    used 12994K, capacity 13813K, committed 13864K, reserved 1048576K
Event: 79.555 GC heap after
Heap after GC invocations=34 (full 9):
 PSYoungGen      total 269312K, used 68675K [0x00000000e0000000, 0x00000000fa200000, 0x0000000100000000)
  eden space 175616K, 39% used [0x00000000e0000000,0x00000000e4310fe0,0x00000000eab80000)
  from space 93696K, 0% used [0x00000000eab80000,0x00000000eab80000,0x00000000f0700000)
  to   space 104960K, 0% used [0x00000000f3b80000,0x00000000f3b80000,0x00000000fa200000)
 ParOldGen       total 267776K, used 267577K [0x00000000a0000000, 0x00000000b0580000, 0x00000000e0000000)
  object space 267776K, 99% used [0x00000000a0000000,0x00000000b054e6a0,0x00000000b0580000)
 Metaspace       used 99791K, capacity 103920K, committed 104216K, reserved 1140736K
  class space    used 12994K, capacity 13813K, committed 13864K, reserved 1048576K
}
Event: 80.129 GC heap before
{Heap before GC invocations=35 (full 10):
 PSYoungGen      total 269312K, used 175616K [0x00000000e0000000, 0x00000000fa200000, 0x0000000100000000)
  eden space 175616K, 100% used [0x00000000e0000000,0x00000000eab80000,0x00000000eab80000)
  from space 93696K, 0% used [0x00000000eab80000,0x00000000eab80000,0x00000000f0700000)
  to   space 104960K, 0% used [0x00000000f3b80000,0x00000000f3b80000,0x00000000fa200000)
 ParOldGen       total 267776K, used 267577K [0x00000000a0000000, 0x00000000b0580000, 0x00000000e0000000)
  object space 267776K, 99% used [0x00000000a0000000,0x00000000b054e6a0,0x00000000b0580000)
 Metaspace       used 99873K, capacity 104034K, committed 104216K, reserved 1140736K
  class space    used 13008K, capacity 13832K, committed 13864K, reserved 1048576K
Event: 83.600 GC heap after
Heap after GC invocations=35 (full 10):
 PSYoungGen      total 269312K, used 55562K [0x00000000e0000000, 0x00000000fa200000, 0x0000000100000000)
  eden space 175616K, 31% used [0x00000000e0000000,0x00000000e3642818,0x00000000eab80000)
  from space 93696K, 0% used [0x00000000eab80000,0x00000000eab80000,0x00000000f0700000)
  to   space 104960K, 0% used [0x00000000f3b80000,0x00000000f3b80000,0x00000000fa200000)
 ParOldGen       total 267776K, used 267590K [0x00000000a0000000, 0x00000000b0580000, 0x00000000e0000000)
  object space 267776K, 99% used [0x00000000a0000000,0x00000000b0551b38,0x00000000b0580000)
 Metaspace       used 99873K, capacity 104034K, committed 104216K, reserved 1140736K
  class space    used 13008K, capacity 13832K, committed 13864K, reserved 1048576K
}

